

*******************************************************************************
Thu Sep 25 21:30:38 2025


FIT:    data read from 'data/histograms.csv' using (column(1)==0.500000 ? $2 : 1/0):3
        format = x:z
        #datapoints = 40
        residuals are weighted equally (unit weight)

function used for fitting: g(x, mu, s, A)
	g(x, mu, s, A) = A * exp(-(x-mu)**2 / (2*s**2))
fitted parameters initialized with current variable values

iter      chisq       delta/lim  lambda   mu            s             A            
   0 5.0638795660e+04   0.00e+00  6.05e-01    1.000000e+00   1.000000e+00   1.000000e+00
   5 2.6945932217e+04  -2.64e-01  6.05e-02   -7.279857e+00   1.102856e+01   3.125404e+01

After 5 iterations the fit converged.
final sum of squares of residuals : 26945.9
rel. change during last iteration : -2.64074e-06

degrees of freedom    (FIT_NDF)                        : 37
rms of residuals      (FIT_STDFIT) = sqrt(WSSR/ndf)    : 26.9864
variance of residuals (reduced chisquare) = WSSR/ndf   : 728.268

Final set of parameters            Asymptotic Standard Error
=======================            ==========================
mu              = -7.27986         +/- 4.481e+06    (6.155e+07%)
s               = 11.0286          +/- 3.352e+06    (3.04e+07%)
A               = 31.254           +/- 4.25e+06     (1.36e+07%)

correlation matrix of the fit parameters:
                mu     s      A      
mu              1.000 
s              -1.000  1.000 
A              -1.000  1.000  1.000 


*******************************************************************************
Thu Sep 25 21:30:38 2025


FIT:    data read from 'data/histograms.csv' using (column(1)==3.500000 ? $2 : 1/0):3
        format = x:z
        #datapoints = 40
        residuals are weighted equally (unit weight)

function used for fitting: g(x, mu, s, A)
	g(x, mu, s, A) = A * exp(-(x-mu)**2 / (2*s**2))
fitted parameters initialized with current variable values

iter      chisq       delta/lim  lambda   mu            s             A            
   0 1.6179717961e+04   0.00e+00  1.70e+01   -7.279857e+00   1.102856e+01   3.125404e+01
  78 1.0053163946e+03  -1.55e-01  1.70e-04    1.143368e-01   3.220268e-02   5.684421e+01

After 78 iterations the fit converged.
final sum of squares of residuals : 1005.32
rel. change during last iteration : -1.54653e-06

degrees of freedom    (FIT_NDF)                        : 37
rms of residuals      (FIT_STDFIT) = sqrt(WSSR/ndf)    : 5.21255
variance of residuals (reduced chisquare) = WSSR/ndf   : 27.1707

Final set of parameters            Asymptotic Standard Error
=======================            ==========================
mu              = 0.114337         +/- 0.001186     (1.037%)
s               = 0.0322027        +/- 0.001196     (3.713%)
A               = 56.8442          +/- 1.814        (3.191%)

correlation matrix of the fit parameters:
                mu     s      A      
mu              1.000 
s              -0.009  1.000 
A               0.006 -0.580  1.000 


*******************************************************************************
Thu Sep 25 21:30:39 2025


FIT:    data read from 'data/histograms.csv' using (column(1)==50.000000 ? $2 : 1/0):3
        format = x:z
        #datapoints = 40
        residuals are weighted equally (unit weight)

function used for fitting: g(x, mu, s, A)
	g(x, mu, s, A) = A * exp(-(x-mu)**2 / (2*s**2))
fitted parameters initialized with current variable values

iter      chisq       delta/lim  lambda   mu            s             A            
   0 4.8736000000e+04   0.00e+00  0.00e+00    1.143368e-01   3.220268e-02   5.684421e+01
BREAK: Singular matrix in Givens()